#
# There is insufficient memory for the Java Runtime Environment to continue.
# Native memory allocation (mmap) failed to map 16384 bytes for committing reserved memory.
# Possible reasons:
#   The system is out of physical RAM or swap space
#   The process is running with CompressedOops enabled, and the Java Heap may be blocking the growth of the native heap
# Possible solutions:
#   Reduce memory load on the system
#   Increase physical memory or swap space
#   Check if swap backing store is full
#   Decrease Java heap size (-Xmx/-Xms)
#   Decrease number of Java threads
#   Decrease Java thread stack sizes (-Xss)
#   Set larger code cache with -XX:ReservedCodeCacheSize=
#   JVM is running with Unscaled Compressed Oops mode in which the Java heap is
#     placed in the first 4GB address space. The Java Heap base address is the
#     maximum limit for the native heap growth. Please use -XX:HeapBaseMinAddress
#     to set the Java Heap base and to place the Java Heap above 4GB virtual address.
# This output file may be truncated or incomplete.
#
#  Out of Memory Error (os_linux.cpp:2985), pid=12047, tid=12235
#
# JRE version: OpenJDK Runtime Environment (11.0.11+9) (build 11.0.11+9-post-Debian-1deb10u1)
# Java VM: OpenJDK 64-Bit Server VM (11.0.11+9-post-Debian-1deb10u1, mixed mode, sharing, tiered, compressed oops, g1 gc, linux-amd64)
# No core dump will be written. Core dumps have been disabled. To enable core dumping, try "ulimit -c unlimited" before starting Java again
#

---------------  S U M M A R Y ------------

Command Line: -Xmx1024m manik1.manik1.WebServer

Host: Intel(R) Core(TM) i7-7700HQ CPU @ 2.80GHz, 2 cores, 4G, Debian GNU/Linux 10 (buster)
Time: Sat May  1 17:30:05 2021 CDT elapsed time: 224.014992 seconds (0d 0h 3m 44s)

---------------  T H R E A D  ---------------

Current thread (0x00007fde80007000):  JavaThread "server-system-akka.actor.internal-dispatcher-30" [_thread_new, id=12235, stack(0x00007fde6aba9000,0x00007fde6acaa000)]

Stack: [0x00007fde6aba9000,0x00007fde6acaa000],  sp=0x00007fde6aca89d0,  free space=1022k
Native frames: (J=compiled Java code, A=aot compiled Java code, j=interpreted, Vv=VM code, C=native code)
V  [libjvm.so+0xe211aa]
V  [libjvm.so+0xe21e6b]
V  [libjvm.so+0x64c105]
V  [libjvm.so+0xb7aa28]
V  [libjvm.so+0xb7101f]
V  [libjvm.so+0xb7b6ae]
V  [libjvm.so+0xdbdc7e]
V  [libjvm.so+0xdbf642]
V  [libjvm.so+0xdbb489]
V  [libjvm.so+0xb7f84e]


---------------  P R O C E S S  ---------------

Threads class SMR info:
_java_thread_list=0x00007fde80007ae0, length=25, elements={
0x00007fdec00c0000, 0x00007fdec00c2000, 0x00007fdec00c7800, 0x00007fdec00c9800,
0x00007fdec00cc000, 0x00007fdec00ce000, 0x00007fdec00d0000, 0x00007fdec0103000,
0x00007fdec08b5800, 0x00007fdec0961000, 0x00007fdec097a000, 0x00007fde741c8800,
0x00007fde741cb000, 0x00007fdec0cf0000, 0x00007fdec0cf3800, 0x00007fde90008000,
0x00007fde783d8000, 0x00007fdec0018000, 0x00007fde7c015800, 0x00005627cac02800,
0x00007fde7000e000, 0x00005627cac46000, 0x00007fde780fe000, 0x00007fde6c006800,
0x00007fde80007000
}

Java Threads: ( => current thread )
  0x00007fdec00c0000 JavaThread "Reference Handler" daemon [_thread_blocked, id=12060, stack(0x00007fdea822a000,0x00007fdea832b000)]
  0x00007fdec00c2000 JavaThread "Finalizer" daemon [_thread_blocked, id=12061, stack(0x00007fdea8129000,0x00007fdea822a000)]
  0x00007fdec00c7800 JavaThread "Signal Dispatcher" daemon [_thread_blocked, id=12063, stack(0x00007fdea8028000,0x00007fdea8129000)]
  0x00007fdec00c9800 JavaThread "Service Thread" daemon [_thread_blocked, id=12064, stack(0x00007fdea041a000,0x00007fdea051b000)]
  0x00007fdec00cc000 JavaThread "C2 CompilerThread0" daemon [_thread_in_native, id=12066, stack(0x00007fdea0319000,0x00007fdea041a000)]
  0x00007fdec00ce000 JavaThread "C1 CompilerThread0" daemon [_thread_in_vm, id=12068, stack(0x00007fdea0218000,0x00007fdea0319000)]
  0x00007fdec00d0000 JavaThread "Sweeper thread" daemon [_thread_blocked, id=12069, stack(0x00007fdea0117000,0x00007fdea0218000)]
  0x00007fdec0103000 JavaThread "Common-Cleaner" daemon [_thread_blocked, id=12073, stack(0x00007fde6beff000,0x00007fde6c000000)]
  0x00007fdec08b5800 JavaThread "server-system-scheduler-1" [_thread_blocked, id=12075, stack(0x00007fde6bab2000,0x00007fde6bbb3000)]
  0x00007fdec0961000 JavaThread "server-system-akka.actor.internal-dispatcher-2" [_thread_in_vm, id=12076, stack(0x00007fde6b7b1000,0x00007fde6b8b2000)]
  0x00007fdec097a000 JavaThread "server-system-akka.actor.internal-dispatcher-4" [_thread_in_vm, id=12078, stack(0x00007fde6b3af000,0x00007fde6b4b0000)]
  0x00007fde741c8800 JavaThread "server-system-akka.actor.default-dispatcher-5" [_thread_in_vm, id=12079, stack(0x00007fde6b2ae000,0x00007fde6b3af000)]
  0x00007fde741cb000 JavaThread "server-system-akka.actor.default-dispatcher-6" [_thread_blocked, id=12080, stack(0x00007fde6b1ad000,0x00007fde6b2ae000)]
  0x00007fdec0cf0000 JavaThread "default-scheduler-1" [_thread_blocked, id=12081, stack(0x00007fde6aeac000,0x00007fde6afad000)]
  0x00007fdec0cf3800 JavaThread "default-akka.actor.internal-dispatcher-3" [_thread_blocked, id=12083, stack(0x00007fde6acaa000,0x00007fde6adab000)]
  0x00007fde90008000 JavaThread "default-akka.actor.default-dispatcher-7" [_thread_blocked, id=12087, stack(0x00007fde6a8a6000,0x00007fde6a9a7000)]
  0x00007fde783d8000 JavaThread "server-system-akka.io.pinned-dispatcher-7" [_thread_in_native, id=12100, stack(0x00007fde69774000,0x00007fde69875000)]
  0x00007fdec0018000 JavaThread "DestroyJavaVM" [_thread_blocked, id=12052, stack(0x00007fdec5e7d000,0x00007fdec5f7e000)]
  0x00007fde7c015800 JavaThread "server-system-akka.actor.default-dispatcher-8" [_thread_blocked, id=12107, stack(0x00007fde69673000,0x00007fde69774000)]
  0x00005627cac02800 JavaThread "server-system-akka.actor.default-dispatcher-25" [_thread_in_vm, id=12124, stack(0x00007fde68162000,0x00007fde68263000)]
  0x00007fde7000e000 JavaThread "server-system-akka.actor.default-dispatcher-26" [_thread_blocked, id=12125, stack(0x00007fde68061000,0x00007fde68162000)]
  0x00005627cac46000 JavaThread "server-system-akka.actor.default-dispatcher-27" [_thread_blocked, id=12126, stack(0x00007fde67f60000,0x00007fde68061000)]
  0x00007fde780fe000 JavaThread "server-system-akka.actor.default-dispatcher-28" [_thread_blocked, id=12172, stack(0x00007fde6adab000,0x00007fde6aeac000)]
  0x00007fde6c006800 JavaThread "server-system-akka.actor.default-dispatcher-29" [_thread_blocked, id=12173, stack(0x00007fde6b6b0000,0x00007fde6b7b1000)]
=>0x00007fde80007000 JavaThread "server-system-akka.actor.internal-dispatcher-30" [_thread_new, id=12235, stack(0x00007fde6aba9000,0x00007fde6acaa000)]

Other Threads:
  0x00007fdec00bd000 VMThread "VM Thread" [stack: 0x00007fdea832d000,0x00007fdea842d000] [id=12058] _threads_hazard_ptr=0x00007fde80007ae0
  0x00007fdec0101000 WatcherThread [stack: 0x00007fdea0017000,0x00007fdea0117000] [id=12072]
  0x00007fdec002f800 GCTaskThread "GC Thread#0" [stack: 0x00007fdec5b31000,0x00007fdec5c31000] [id=12053]
  0x00007fde90001000 GCTaskThread "GC Thread#1" [stack: 0x00007fde6bdb5000,0x00007fde6beb5000] [id=12074]
  0x00007fdec004b800 ConcurrentGCThread "G1 Main Marker" [stack: 0x00007fdec420a000,0x00007fdec430a000] [id=12054]
  0x00007fdec004d000 ConcurrentGCThread "G1 Conc#0" [stack: 0x00007fdec4108000,0x00007fdec4208000] [id=12055]
  0x00007fdec008f000 ConcurrentGCThread "G1 Refine#0" [stack: 0x00007fdea8677000,0x00007fdea8777000] [id=12056]
  0x00007fdec0090800 ConcurrentGCThread "G1 Young RemSet Sampling" [stack: 0x00007fdea8575000,0x00007fdea8675000] [id=12057]

Threads with active compile tasks:
C2 CompilerThread0 228453 2825       4       akka.actor.LightArrayRevolverScheduler$$anon$3::checkQueue (182 bytes)
C1 CompilerThread0 229125 2858   !   3       jdk.internal.loader.BuiltinClassLoader::loadClassOrNull (143 bytes)

VM state:synchronizing (normal execution)

VM Mutex/Monitor currently owned by a thread:  ([mutex/lock_event])
[0x00007fdec0014be0] Safepoint_lock - owner thread: 0x00007fdec00bd000
[0x00007fdec0014c70] Threads_lock - owner thread: 0x00007fdec00bd000

Heap address: 0x00000000c0000000, size: 1024 MB, Compressed Oops mode: 32-bit
Narrow klass base: 0x0000000800000000, Narrow klass shift: 3
Compressed class space size: 1073741824 Address: 0x0000000840000000

Heap:
 garbage-first heap   total 92160K, used 18704K [0x00000000c0000000, 0x0000000100000000)
  region size 1024K, 10 young (10240K), 4 survivors (4096K)
 Metaspace       used 40149K, capacity 41500K, committed 41600K, reserved 1085440K
  class space    used 5001K, capacity 5725K, committed 5760K, reserved 1048576K
Heap Regions: E=young(eden), S=young(survivor), O=old, HS=humongous(starts), HC=humongous(continues), CS=collection set, F=free, A=archive, TAMS=top-at-mark-start (previous, next)
|   0|0x00000000c0000000, 0x00000000c0100000, 0x00000000c0100000|100%| O|  |TAMS 0x00000000c0100000, 0x00000000c0000000| Untracked 
|   1|0x00000000c0100000, 0x00000000c0200000, 0x00000000c0200000|100%| O|  |TAMS 0x00000000c0200000, 0x00000000c0100000| Untracked 
|   2|0x00000000c0200000, 0x00000000c0300000, 0x00000000c0300000|100%| O|  |TAMS 0x00000000c0300000, 0x00000000c0200000| Untracked 
|   3|0x00000000c0300000, 0x00000000c0400000, 0x00000000c0400000|100%| O|  |TAMS 0x00000000c0400000, 0x00000000c0300000| Untracked 
|   4|0x00000000c0400000, 0x00000000c0500000, 0x00000000c0500000|100%| O|  |TAMS 0x00000000c0500000, 0x00000000c0400000| Untracked 
|   5|0x00000000c0500000, 0x00000000c0600000, 0x00000000c0600000|100%| O|  |TAMS 0x00000000c0600000, 0x00000000c0500000| Untracked 
|   6|0x00000000c0600000, 0x00000000c0700000, 0x00000000c0700000|100%| O|  |TAMS 0x00000000c0661a00, 0x00000000c0600000| Untracked 
|   7|0x00000000c0700000, 0x00000000c0800000, 0x00000000c0800000|100%| O|  |TAMS 0x00000000c0700000, 0x00000000c0700000| Untracked 
|   8|0x00000000c0800000, 0x00000000c08c8200, 0x00000000c0900000| 78%| O|  |TAMS 0x00000000c0800000, 0x00000000c0800000| Untracked 
|   9|0x00000000c0900000, 0x00000000c0900000, 0x00000000c0a00000|  0%| F|  |TAMS 0x00000000c0900000, 0x00000000c0900000| Untracked 
|  10|0x00000000c0a00000, 0x00000000c0a00000, 0x00000000c0b00000|  0%| F|  |TAMS 0x00000000c0a00000, 0x00000000c0a00000| Untracked 
|  11|0x00000000c0b00000, 0x00000000c0b00000, 0x00000000c0c00000|  0%| F|  |TAMS 0x00000000c0b00000, 0x00000000c0b00000| Untracked 
|  12|0x00000000c0c00000, 0x00000000c0c00000, 0x00000000c0d00000|  0%| F|  |TAMS 0x00000000c0c00000, 0x00000000c0c00000| Untracked 
|  13|0x00000000c0d00000, 0x00000000c0d00000, 0x00000000c0e00000|  0%| F|  |TAMS 0x00000000c0d00000, 0x00000000c0d00000| Untracked 
|  14|0x00000000c0e00000, 0x00000000c0e00000, 0x00000000c0f00000|  0%| F|  |TAMS 0x00000000c0e00000, 0x00000000c0e00000| Untracked 
|  15|0x00000000c0f00000, 0x00000000c0f00000, 0x00000000c1000000|  0%| F|  |TAMS 0x00000000c0f00000, 0x00000000c0f00000| Untracked 
|  16|0x00000000c1000000, 0x00000000c1000000, 0x00000000c1100000|  0%| F|  |TAMS 0x00000000c1000000, 0x00000000c1000000| Untracked 
|  17|0x00000000c1100000, 0x00000000c1100000, 0x00000000c1200000|  0%| F|  |TAMS 0x00000000c1100000, 0x00000000c1100000| Untracked 
|  18|0x00000000c1200000, 0x00000000c1200000, 0x00000000c1300000|  0%| F|  |TAMS 0x00000000c1200000, 0x00000000c1200000| Untracked 
|  19|0x00000000c1300000, 0x00000000c1300000, 0x00000000c1400000|  0%| F|  |TAMS 0x00000000c1300000, 0x00000000c1300000| Untracked 
|  20|0x00000000c1400000, 0x00000000c1400000, 0x00000000c1500000|  0%| F|  |TAMS 0x00000000c1400000, 0x00000000c1400000| Untracked 
|  21|0x00000000c1500000, 0x00000000c1500000, 0x00000000c1600000|  0%| F|  |TAMS 0x00000000c1500000, 0x00000000c1500000| Untracked 
|  22|0x00000000c1600000, 0x00000000c1600000, 0x00000000c1700000|  0%| F|  |TAMS 0x00000000c1600000, 0x00000000c1600000| Untracked 
|  23|0x00000000c1700000, 0x00000000c1700000, 0x00000000c1800000|  0%| F|  |TAMS 0x00000000c1700000, 0x00000000c1700000| Untracked 
|  24|0x00000000c1800000, 0x00000000c1800000, 0x00000000c1900000|  0%| F|  |TAMS 0x00000000c1800000, 0x00000000c1800000| Untracked 
|  25|0x00000000c1900000, 0x00000000c1900000, 0x00000000c1a00000|  0%| F|  |TAMS 0x00000000c1900000, 0x00000000c1900000| Untracked 
|  26|0x00000000c1a00000, 0x00000000c1a00000, 0x00000000c1b00000|  0%| F|  |TAMS 0x00000000c1a00000, 0x00000000c1a00000| Untracked 
|  27|0x00000000c1b00000, 0x00000000c1b00000, 0x00000000c1c00000|  0%| F|  |TAMS 0x00000000c1b00000, 0x00000000c1b00000| Untracked 
|  28|0x00000000c1c00000, 0x00000000c1c00000, 0x00000000c1d00000|  0%| F|  |TAMS 0x00000000c1c00000, 0x00000000c1c00000| Untracked 
|  29|0x00000000c1d00000, 0x00000000c1d00000, 0x00000000c1e00000|  0%| F|  |TAMS 0x00000000c1d00000, 0x00000000c1d00000| Untracked 
|  30|0x00000000c1e00000, 0x00000000c1e00000, 0x00000000c1f00000|  0%| F|  |TAMS 0x00000000c1e00000, 0x00000000c1e00000| Untracked 
|  31|0x00000000c1f00000, 0x00000000c1f00000, 0x00000000c2000000|  0%| F|  |TAMS 0x00000000c1f00000, 0x00000000c1f00000| Untracked 
|  32|0x00000000c2000000, 0x00000000c2000000, 0x00000000c2100000|  0%| F|  |TAMS 0x00000000c2000000, 0x00000000c2000000| Untracked 
|  33|0x00000000c2100000, 0x00000000c2100000, 0x00000000c2200000|  0%| F|  |TAMS 0x00000000c2100000, 0x00000000c2100000| Untracked 
|  34|0x00000000c2200000, 0x00000000c2200000, 0x00000000c2300000|  0%| F|  |TAMS 0x00000000c2200000, 0x00000000c2200000| Untracked 
|  35|0x00000000c2300000, 0x00000000c2300000, 0x00000000c2400000|  0%| F|  |TAMS 0x00000000c2300000, 0x00000000c2300000| Untracked 
|  36|0x00000000c2400000, 0x00000000c2400000, 0x00000000c2500000|  0%| F|  |TAMS 0x00000000c2400000, 0x00000000c2400000| Untracked 
|  37|0x00000000c2500000, 0x00000000c2500000, 0x00000000c2600000|  0%| F|  |TAMS 0x00000000c2500000, 0x00000000c2500000| Untracked 
|  38|0x00000000c2600000, 0x00000000c2600000, 0x00000000c2700000|  0%| F|  |TAMS 0x00000000c2600000, 0x00000000c2600000| Untracked 
|  39|0x00000000c2700000, 0x00000000c27c9e90, 0x00000000c2800000| 78%| S|CS|TAMS 0x00000000c2700000, 0x00000000c2700000| Complete 
|  40|0x00000000c2800000, 0x00000000c2900000, 0x00000000c2900000|100%| S|CS|TAMS 0x00000000c2800000, 0x00000000c2800000| Complete 
|  41|0x00000000c2900000, 0x00000000c2a00000, 0x00000000c2a00000|100%| S|CS|TAMS 0x00000000c2900000, 0x00000000c2900000| Complete 
|  42|0x00000000c2a00000, 0x00000000c2b00000, 0x00000000c2b00000|100%| S|CS|TAMS 0x00000000c2a00000, 0x00000000c2a00000| Complete 
|  43|0x00000000c2b00000, 0x00000000c2b00000, 0x00000000c2c00000|  0%| F|  |TAMS 0x00000000c2b00000, 0x00000000c2b00000| Untracked 
|  44|0x00000000c2c00000, 0x00000000c2c00000, 0x00000000c2d00000|  0%| F|  |TAMS 0x00000000c2c00000, 0x00000000c2c00000| Untracked 
|  45|0x00000000c2d00000, 0x00000000c2d00000, 0x00000000c2e00000|  0%| F|  |TAMS 0x00000000c2d00000, 0x00000000c2d00000| Untracked 
|  46|0x00000000c2e00000, 0x00000000c2e00000, 0x00000000c2f00000|  0%| F|  |TAMS 0x00000000c2e00000, 0x00000000c2e00000| Untracked 
|  47|0x00000000c2f00000, 0x00000000c2f00000, 0x00000000c3000000|  0%| F|  |TAMS 0x00000000c2f00000, 0x00000000c2f00000| Untracked 
|  48|0x00000000c3000000, 0x00000000c3000000, 0x00000000c3100000|  0%| F|  |TAMS 0x00000000c3000000, 0x00000000c3000000| Untracked 
|  49|0x00000000c3100000, 0x00000000c3100000, 0x00000000c3200000|  0%| F|  |TAMS 0x00000000c3100000, 0x00000000c3100000| Untracked 
|  50|0x00000000c3200000, 0x00000000c3200000, 0x00000000c3300000|  0%| F|  |TAMS 0x00000000c3200000, 0x00000000c3200000| Untracked 
|  51|0x00000000c3300000, 0x00000000c3300000, 0x00000000c3400000|  0%| F|  |TAMS 0x00000000c3300000, 0x00000000c3300000| Untracked 
|  52|0x00000000c3400000, 0x00000000c3400000, 0x00000000c3500000|  0%| F|  |TAMS 0x00000000c3400000, 0x00000000c3400000| Untracked 
|  53|0x00000000c3500000, 0x00000000c3500000, 0x00000000c3600000|  0%| F|  |TAMS 0x00000000c3500000, 0x00000000c3500000| Untracked 
|  54|0x00000000c3600000, 0x00000000c3600000, 0x00000000c3700000|  0%| F|  |TAMS 0x00000000c3600000, 0x00000000c3600000| Untracked 
|  55|0x00000000c3700000, 0x00000000c3700000, 0x00000000c3800000|  0%| F|  |TAMS 0x00000000c3700000, 0x00000000c3700000| Untracked 
|  56|0x00000000c3800000, 0x00000000c3800000, 0x00000000c3900000|  0%| F|  |TAMS 0x00000000c3800000, 0x00000000c3800000| Untracked 
|  57|0x00000000c3900000, 0x00000000c3900000, 0x00000000c3a00000|  0%| F|  |TAMS 0x00000000c3900000, 0x00000000c3900000| Untracked 
|  58|0x00000000c3a00000, 0x00000000c3a00000, 0x00000000c3b00000|  0%| F|  |TAMS 0x00000000c3a00000, 0x00000000c3a00000| Untracked 
|  59|0x00000000c3b00000, 0x00000000c3b00000, 0x00000000c3c00000|  0%| F|  |TAMS 0x00000000c3b00000, 0x00000000c3b00000| Untracked 
|  60|0x00000000c3c00000, 0x00000000c3c00000, 0x00000000c3d00000|  0%| F|  |TAMS 0x00000000c3c00000, 0x00000000c3c00000| Untracked 
|  61|0x00000000c3d00000, 0x00000000c3d00000, 0x00000000c3e00000|  0%| F|  |TAMS 0x00000000c3d00000, 0x00000000c3d00000| Untracked 
|  62|0x00000000c3e00000, 0x00000000c3e00000, 0x00000000c3f00000|  0%| F|  |TAMS 0x00000000c3e00000, 0x00000000c3e00000| Untracked 
|  63|0x00000000c3f00000, 0x00000000c3f00000, 0x00000000c4000000|  0%| F|  |TAMS 0x00000000c3f00000, 0x00000000c3f00000| Untracked 
|  64|0x00000000c4000000, 0x00000000c4000000, 0x00000000c4100000|  0%| F|  |TAMS 0x00000000c4000000, 0x00000000c4000000| Untracked 
|  65|0x00000000c4100000, 0x00000000c4100000, 0x00000000c4200000|  0%| F|  |TAMS 0x00000000c4100000, 0x00000000c4100000| Untracked 
|  66|0x00000000c4200000, 0x00000000c4200000, 0x00000000c4300000|  0%| F|  |TAMS 0x00000000c4200000, 0x00000000c4200000| Untracked 
|  67|0x00000000c4300000, 0x00000000c4300000, 0x00000000c4400000|  0%| F|  |TAMS 0x00000000c4300000, 0x00000000c4300000| Untracked 
|  68|0x00000000c4400000, 0x00000000c4400000, 0x00000000c4500000|  0%| F|  |TAMS 0x00000000c4400000, 0x00000000c4400000| Untracked 
|  69|0x00000000c4500000, 0x00000000c4500000, 0x00000000c4600000|  0%| F|  |TAMS 0x00000000c4500000, 0x00000000c4500000| Untracked 
|  70|0x00000000c4600000, 0x00000000c4600000, 0x00000000c4700000|  0%| F|  |TAMS 0x00000000c4600000, 0x00000000c4600000| Untracked 
|  71|0x00000000c4700000, 0x00000000c4700000, 0x00000000c4800000|  0%| F|  |TAMS 0x00000000c4700000, 0x00000000c4700000| Untracked 
|  72|0x00000000c4800000, 0x00000000c4800000, 0x00000000c4900000|  0%| F|  |TAMS 0x00000000c4800000, 0x00000000c4800000| Untracked 
|  73|0x00000000c4900000, 0x00000000c4900000, 0x00000000c4a00000|  0%| F|  |TAMS 0x00000000c4900000, 0x00000000c4900000| Untracked 
|  74|0x00000000c4a00000, 0x00000000c4a00000, 0x00000000c4b00000|  0%| F|  |TAMS 0x00000000c4a00000, 0x00000000c4a00000| Untracked 
|  75|0x00000000c4b00000, 0x00000000c4b00000, 0x00000000c4c00000|  0%| F|  |TAMS 0x00000000c4b00000, 0x00000000c4b00000| Untracked 
|  76|0x00000000c4c00000, 0x00000000c4c00000, 0x00000000c4d00000|  0%| F|  |TAMS 0x00000000c4c00000, 0x00000000c4c00000| Untracked 
|  77|0x00000000c4d00000, 0x00000000c4d00000, 0x00000000c4e00000|  0%| F|  |TAMS 0x00000000c4d00000, 0x00000000c4d00000| Untracked 
|  78|0x00000000c4e00000, 0x00000000c4e00000, 0x00000000c4f00000|  0%| F|  |TAMS 0x00000000c4e00000, 0x00000000c4e00000| Untracked 
|  79|0x00000000c4f00000, 0x00000000c4f00000, 0x00000000c5000000|  0%| F|  |TAMS 0x00000000c4f00000, 0x00000000c4f00000| Untracked 
|  80|0x00000000c5000000, 0x00000000c5000000, 0x00000000c5100000|  0%| F|  |TAMS 0x00000000c5000000, 0x00000000c5000000| Untracked 
|  81|0x00000000c5100000, 0x00000000c5100000, 0x00000000c5200000|  0%| F|  |TAMS 0x00000000c5100000, 0x00000000c5100000| Untracked 
|  82|0x00000000c5200000, 0x00000000c526a140, 0x00000000c5300000| 41%| E|  |TAMS 0x00000000c5200000, 0x00000000c5200000| Complete 
|  83|0x00000000c5300000, 0x00000000c5400000, 0x00000000c5400000|100%| E|CS|TAMS 0x00000000c5300000, 0x00000000c5300000| Complete 
|  84|0x00000000c5400000, 0x00000000c5500000, 0x00000000c5500000|100%| E|CS|TAMS 0x00000000c5400000, 0x00000000c5400000| Complete 
|  85|0x00000000c5500000, 0x00000000c5600000, 0x00000000c5600000|100%| E|CS|TAMS 0x00000000c5500000, 0x00000000c5500000| Complete 
|  86|0x00000000c5600000, 0x00000000c5700000, 0x00000000c5700000|100%| E|CS|TAMS 0x00000000c5600000, 0x00000000c5600000| Complete 
|  87|0x00000000c5700000, 0x00000000c5800000, 0x00000000c5800000|100%| E|CS|TAMS 0x00000000c5700000, 0x00000000c5700000| Complete 
|1022|0x00000000ffe00000, 0x00000000ffe47000, 0x00000000fff00000| 27%|OA|  |TAMS 0x00000000ffe47000, 0x00000000ffe00000| Untracked 
|1023|0x00000000fff00000, 0x00000000fff6b000, 0x0000000100000000| 41%|CA|  |TAMS 0x00000000fff6b000, 0x00000000fff00000| Untracked 

Card table byte_map: [0x00007fdec552d000,0x00007fdec572d000] _byte_map_base: 0x00007fdec4f2d000

Marking Bits (Prev, Next): (CMBitMap*) 0x00007fdec00466d8, (CMBitMap*) 0x00007fdec0046710
 Prev Bits: [0x00007fdec432d000, 0x00007fdec532d000)
 Next Bits: [0x00007fdea3000000, 0x00007fdea4000000)

Polling page: 0x00007fdec78fd000

Metaspace:

Usage:
  Non-class:     34.94 MB capacity,    34.32 MB ( 98%) used,   458.05 KB (  1%) free+waste,   169.31 KB ( <1%) overhead. 
      Class:      5.59 MB capacity,     4.88 MB ( 87%) used,   629.63 KB ( 11%) free+waste,    93.50 KB (  2%) overhead. 
       Both:     40.53 MB capacity,    39.21 MB ( 97%) used,     1.06 MB (  3%) free+waste,   262.81 KB ( <1%) overhead. 

Virtual space:
  Non-class space:       36.00 MB reserved,      35.00 MB ( 97%) committed 
      Class space:        1.00 GB reserved,       5.62 MB ( <1%) committed 
             Both:        1.04 GB reserved,      40.62 MB (  4%) committed 

Chunk freelists:
   Non-Class:  0 bytes
       Class:  0 bytes
        Both:  0 bytes

MaxMetaspaceSize: unlimited
CompressedClassSpaceSize: 1.00 GB

CodeHeap 'non-profiled nmethods': size=120036Kb used=1226Kb max_used=1226Kb free=118809Kb
 bounds [0x00007fdeb033f000, 0x00007fdeb05af000, 0x00007fdeb7878000]
CodeHeap 'profiled nmethods': size=120032Kb used=5529Kb max_used=5529Kb free=114502Kb
 bounds [0x00007fdea8e07000, 0x00007fdea9377000, 0x00007fdeb033f000]
CodeHeap 'non-nmethods': size=5692Kb used=1201Kb max_used=1240Kb free=4490Kb
 bounds [0x00007fdea8878000, 0x00007fdea8ae8000, 0x00007fdea8e07000]
 total_blobs=3347 nmethods=2777 adapters=482
 compilation: enabled
              stopped_count=0, restarted_count=0
 full_count=0

Compilation events (20 events):
Event: 123.634 Thread 0x00007fdec00ce000 nmethod 2836 0x00007fdea9366310 code [0x00007fdea9366700, 0x00007fdea9368290]
Event: 125.909 Thread 0x00007fdec00ce000 2841       2       akka.dispatch.AbstractNodeQueue::pollNode (77 bytes)
Event: 137.254 Thread 0x00007fdec00ce000 nmethod 2841 0x00007fdea9368b90 code [0x00007fdea9368d60, 0x00007fdea9369210]
Event: 137.864 Thread 0x00007fdec00ce000 2824       3       akka.actor.ActorCell::sendMessage (7 bytes)
Event: 143.988 Thread 0x00007fdec00ce000 nmethod 2824 0x00007fdea9369390 code [0x00007fdea9369580, 0x00007fdea9369a10]
Event: 144.197 Thread 0x00007fdec00ce000 2845       3       akka.stream.impl.fusing.GraphInterpreter::enqueue (26 bytes)
Event: 145.442 Thread 0x00007fdec00ce000 nmethod 2845 0x00007fdea9369b90 code [0x00007fdea9369d60, 0x00007fdea936a050]
Event: 145.705 Thread 0x00007fdec00ce000 2827       3       akka.actor.ActorCell::sendMessage (6 bytes)
Event: 149.246 Thread 0x00007fdec00ce000 nmethod 2827 0x00007fdea936a190 code [0x00007fdea936a360, 0x00007fdea936a500]
Event: 149.774 Thread 0x00007fdec00ce000 2828       3       akka.actor.dungeon.Dispatch::sendMessage$ (6 bytes)
Event: 156.216 Thread 0x00007fdec00ce000 nmethod 2828 0x00007fdea936a610 code [0x00007fdea936a7c0, 0x00007fdea936a940]
Event: 156.753 Thread 0x00007fdec00ce000 2829   !   3       akka.actor.dungeon.Dispatch::sendMessage (80 bytes)
Event: 174.506 Thread 0x00007fdec00ce000 nmethod 2829 0x00007fdea936aa10 code [0x00007fdea936ac60, 0x00007fdea936b880]
Event: 175.001 Thread 0x00007fdec00ce000 2830       3       akka.dispatch.Dispatcher::dispatch (23 bytes)
Event: 194.747 Thread 0x00007fdec00ce000 nmethod 2830 0x00007fdea936bd10 code [0x00007fdea936bf20, 0x00007fdea936c6f0]
Event: 195.095 Thread 0x00007fdec00ce000 2831       3       akka.dispatch.Mailbox::enqueue (12 bytes)
Event: 199.183 Thread 0x00007fdec00ce000 nmethod 2831 0x00007fdea936c990 code [0x00007fdea936cb40, 0x00007fdea936cdc0]
Event: 200.264 Thread 0x00007fdec00ce000 2832       3       akka.dispatch.UnboundedMailbox$MessageQueue::enqueue (7 bytes)
Event: 210.722 Thread 0x00007fdec00ce000 nmethod 2832 0x00007fdea936ce90 code [0x00007fdea936d060, 0x00007fdea936d3e0]
Event: 211.272 Thread 0x00007fdec00ce000 2858   !   3       jdk.internal.loader.BuiltinClassLoader::loadClassOrNull (143 bytes)

GC Heap History (18 events):
Event: 0.446 GC heap before
{Heap before GC invocations=0 (full 0):
 garbage-first heap   total 73728K, used 6856K [0x00000000c0000000, 0x0000000100000000)
  region size 1024K, 7 young (7168K), 0 survivors (0K)
 Metaspace       used 1454K, capacity 5656K, committed 6016K, reserved 1056768K
  class space    used 118K, capacity 520K, committed 640K, reserved 1048576K
}
Event: 0.458 GC heap after
{Heap after GC invocations=1 (full 0):
 garbage-first heap   total 73728K, used 3005K [0x00000000c0000000, 0x0000000100000000)
  region size 1024K, 1 young (1024K), 1 survivors (1024K)
 Metaspace       used 1454K, capacity 5656K, committed 6016K, reserved 1056768K
  class space    used 118K, capacity 520K, committed 640K, reserved 1048576K
}
Event: 0.800 GC heap before
{Heap before GC invocations=1 (full 0):
 garbage-first heap   total 73728K, used 14269K [0x00000000c0000000, 0x0000000100000000)
  region size 1024K, 13 young (13312K), 1 survivors (1024K)
 Metaspace       used 4947K, capacity 8457K, committed 8704K, reserved 1056768K
  class space    used 629K, capacity 969K, committed 1024K, reserved 1048576K
}
Event: 0.805 GC heap after
{Heap after GC invocations=2 (full 0):
 garbage-first heap   total 73728K, used 5348K [0x00000000c0000000, 0x0000000100000000)
  region size 1024K, 2 young (2048K), 2 survivors (2048K)
 Metaspace       used 4947K, capacity 8457K, committed 8704K, reserved 1056768K
  class space    used 629K, capacity 969K, committed 1024K, reserved 1048576K
}
Event: 1.053 GC heap before
{Heap before GC invocations=2 (full 0):
 garbage-first heap   total 73728K, used 16612K [0x00000000c0000000, 0x0000000100000000)
  region size 1024K, 14 young (14336K), 2 survivors (2048K)
 Metaspace       used 6294K, capacity 9437K, committed 9600K, reserved 1058816K
  class space    used 787K, capacity 1088K, committed 1152K, reserved 1048576K
}
Event: 1.059 GC heap after
{Heap after GC invocations=3 (full 0):
 garbage-first heap   total 73728K, used 7285K [0x00000000c0000000, 0x0000000100000000)
  region size 1024K, 2 young (2048K), 2 survivors (2048K)
 Metaspace       used 6294K, capacity 9437K, committed 9600K, reserved 1058816K
  class space    used 787K, capacity 1088K, committed 1152K, reserved 1048576K
}
Event: 1.451 GC heap before
{Heap before GC invocations=3 (full 0):
 garbage-first heap   total 73728K, used 24693K [0x00000000c0000000, 0x0000000100000000)
  region size 1024K, 19 young (19456K), 2 survivors (2048K)
 Metaspace       used 11608K, capacity 14200K, committed 14336K, reserved 1062912K
  class space    used 1474K, capacity 1782K, committed 1792K, reserved 1048576K
}
Event: 1.455 GC heap after
{Heap after GC invocations=4 (full 0):
 garbage-first heap   total 73728K, used 7869K [0x00000000c0000000, 0x0000000100000000)
  region size 1024K, 1 young (1024K), 1 survivors (1024K)
 Metaspace       used 11608K, capacity 14200K, committed 14336K, reserved 1062912K
  class space    used 1474K, capacity 1782K, committed 1792K, reserved 1048576K
}
Event: 1.771 GC heap before
{Heap before GC invocations=4 (full 0):
 garbage-first heap   total 73728K, used 32445K [0x00000000c0000000, 0x0000000100000000)
  region size 1024K, 26 young (26624K), 1 survivors (1024K)
 Metaspace       used 14628K, capacity 17184K, committed 17408K, reserved 1064960K
  class space    used 1849K, capacity 2220K, committed 2304K, reserved 1048576K
}
Event: 1.776 GC heap after
{Heap after GC invocations=5 (full 0):
 garbage-first heap   total 73728K, used 8837K [0x00000000c0000000, 0x0000000100000000)
  region size 1024K, 2 young (2048K), 2 survivors (2048K)
 Metaspace       used 14628K, capacity 17184K, committed 17408K, reserved 1064960K
  class space    used 1849K, capacity 2220K, committed 2304K, reserved 1048576K
}
Event: 2.666 GC heap before
{Heap before GC invocations=5 (full 0):
 garbage-first heap   total 73728K, used 25221K [0x00000000c0000000, 0x0000000100000000)
  region size 1024K, 20 young (20480K), 2 survivors (2048K)
 Metaspace       used 18507K, capacity 21114K, committed 21248K, reserved 1069056K
  class space    used 2156K, capacity 2552K, committed 2560K, reserved 1048576K
}
Event: 2.684 GC heap after
{Heap after GC invocations=6 (full 0):
 garbage-first heap   total 92160K, used 9272K [0x00000000c0000000, 0x0000000100000000)
  region size 1024K, 2 young (2048K), 2 survivors (2048K)
 Metaspace       used 18507K, capacity 21114K, committed 21248K, reserved 1069056K
  class space    used 2156K, capacity 2552K, committed 2560K, reserved 1048576K
}
Event: 42.188 GC heap before
{Heap before GC invocations=7 (full 0):
 garbage-first heap   total 92160K, used 45112K [0x00000000c0000000, 0x0000000100000000)
  region size 1024K, 37 young (37888K), 2 survivors (2048K)
 Metaspace       used 27135K, capacity 29702K, committed 29952K, reserved 1075200K
  class space    used 3213K, capacity 3751K, committed 3840K, reserved 1048576K
}
Event: 42.201 GC heap after
{Heap after GC invocations=8 (full 0):
 garbage-first heap   total 92160K, used 9893K [0x00000000c0000000, 0x0000000100000000)
  region size 1024K, 3 young (3072K), 3 survivors (3072K)
 Metaspace       used 27135K, capacity 29702K, committed 29952K, reserved 1075200K
  class space    used 3213K, capacity 3751K, committed 3840K, reserved 1048576K
}
Event: 43.491 GC heap before
{Heap before GC invocations=8 (full 0):
 garbage-first heap   total 92160K, used 37541K [0x00000000c0000000, 0x0000000100000000)
  region size 1024K, 31 young (31744K), 3 survivors (3072K)
 Metaspace       used 34872K, capacity 35702K, committed 35840K, reserved 1081344K
  class space    used 4102K, capacity 4545K, committed 4608K, reserved 1048576K
}
Event: 43.504 GC heap after
{Heap after GC invocations=9 (full 0):
 garbage-first heap   total 92160K, used 12349K [0x00000000c0000000, 0x0000000100000000)
  region size 1024K, 5 young (5120K), 5 survivors (5120K)
 Metaspace       used 34872K, capacity 35702K, committed 35840K, reserved 1081344K
  class space    used 4102K, capacity 4545K, committed 4608K, reserved 1048576K
}
Event: 54.207 GC heap before
{Heap before GC invocations=10 (full 0):
 garbage-first heap   total 92160K, used 52285K [0x00000000c0000000, 0x0000000100000000)
  region size 1024K, 45 young (46080K), 5 survivors (5120K)
 Metaspace       used 39819K, capacity 41113K, committed 41216K, reserved 1085440K
  class space    used 4938K, capacity 5625K, committed 5632K, reserved 1048576K
}
Event: 54.282 GC heap after
{Heap after GC invocations=11 (full 0):
 garbage-first heap   total 92160K, used 13584K [0x00000000c0000000, 0x0000000100000000)
  region size 1024K, 4 young (4096K), 4 survivors (4096K)
 Metaspace       used 39819K, capacity 41113K, committed 41216K, reserved 1085440K
  class space    used 4938K, capacity 5625K, committed 5632K, reserved 1048576K
}

Deoptimization events (20 events):
Event: 59.356 Thread 0x00005627cac46000 Uncommon trap: trap_request=0xffffff4d fr.pc=0x00007fdeb046a214 relative=0x0000000000000074
Event: 59.356 Thread 0x00005627cac46000 Uncommon trap: reason=unstable_if action=reinterpret pc=0x00007fdeb046a214 method=akka.stream.impl.fusing.GraphInterpreterShell.interpreter()Lakka/stream/impl/fusing/GraphInterpreter; @ 8 c2
Event: 59.356 Thread 0x00005627cac46000 DEOPT PACKING pc=0x00007fdeb046a214 sp=0x00007fde6805efb0
Event: 59.358 Thread 0x00005627cac46000 DEOPT UNPACKING pc=0x00007fdea889d8a5 sp=0x00007fde6805ef68 mode 2
Event: 59.572 Thread 0x00005627cac46000 Uncommon trap: trap_request=0xffffff4d fr.pc=0x00007fdeb0469cbc relative=0x000000000000027c
Event: 59.573 Thread 0x00005627cac46000 Uncommon trap: reason=unstable_if action=reinterpret pc=0x00007fdeb0469cbc method=akka.stream.impl.fusing.GraphInterpreter.chasePull(Lakka/stream/impl/fusing/GraphInterpreter$Connection;)V @ 12 c2
Event: 59.573 Thread 0x00005627cac46000 DEOPT PACKING pc=0x00007fdeb0469cbc sp=0x00007fde6805eda0
Event: 59.574 Thread 0x00005627cac46000 DEOPT UNPACKING pc=0x00007fdea889d8a5 sp=0x00007fde6805ecf0 mode 2
Event: 68.108 Thread 0x00005627cac46000 Uncommon trap: trap_request=0xffffff4d fr.pc=0x00007fdeb0466b30 relative=0x0000000000000570
Event: 68.120 Thread 0x00005627cac46000 Uncommon trap: reason=unstable_if action=reinterpret pc=0x00007fdeb0466b30 method=java.util.concurrent.ForkJoinPool.scan(Ljava/util/concurrent/ForkJoinPool$WorkQueue;I)Z @ 161 c2
Event: 68.122 Thread 0x00005627cac46000 DEOPT PACKING pc=0x00007fdeb0466b30 sp=0x00007fde6805f870
Event: 68.125 Thread 0x00005627cac46000 DEOPT UNPACKING pc=0x00007fdea889d8a5 sp=0x00007fde6805f808 mode 2
Event: 90.156 Thread 0x00007fdec08b5800 Uncommon trap: trap_request=0xffffff4d fr.pc=0x00007fdeb0433808 relative=0x0000000000000248
Event: 90.286 Thread 0x00007fdec08b5800 Uncommon trap: reason=unstable_if action=reinterpret pc=0x00007fdeb0433808 method=akka.dispatch.AbstractNodeQueue.pollNode()Lakka/dispatch/AbstractNodeQueue$Node; @ 28 c2
Event: 90.555 Thread 0x00007fdec08b5800 DEOPT PACKING pc=0x00007fdeb0433808 sp=0x00007fde6bbb16f0
Event: 90.568 Thread 0x00007fdec08b5800 DEOPT UNPACKING pc=0x00007fdea889d8a5 sp=0x00007fde6bbb1690 mode 2
Event: 130.278 Thread 0x00007fde7000e000 Uncommon trap: trap_request=0xffffff4d fr.pc=0x00007fdeb03fe22c relative=0x0000000000004a0c
Event: 130.371 Thread 0x00007fde7000e000 Uncommon trap: reason=unstable_if action=reinterpret pc=0x00007fdeb03fe22c method=java.lang.ClassLoader.getClassLoadingLock(Ljava/lang/String;)Ljava/lang/Object; @ 28 c2
Event: 130.542 Thread 0x00007fde7000e000 DEOPT PACKING pc=0x00007fdeb03fe22c sp=0x00007fde6815f3c0
Event: 130.717 Thread 0x00007fde7000e000 DEOPT UNPACKING pc=0x00007fdea889d8a5 sp=0x00007fde6815f3a8 mode 2

Classes redefined (0 events):
No events

Internal exceptions (20 events):
Event: 1.481 Thread 0x00007fdec0018000 Exception <a 'java/lang/NoSuchMethodError'{0x00000000c4470230}: 'java.lang.Object java.lang.invoke.DirectMethodHandle$Holder.invokeStatic(java.lang.Object, java.lang.Object, java.lang.Object, int)'> (0x00000000c4470230) thrown at [src/hotspot/share/interpreter/linkResolver.cpp, line 773]
Event: 1.482 Thread 0x00007fdec0018000 Exception <a 'java/lang/NoSuchMethodError'{0x00000000c4476c08}: 'java.lang.Object java.lang.invoke.Invokers$Holder.linkToTargetMethod(java.lang.Object, java.lang.Object, int, java.lang.Object)'> (0x00000000c4476c08) thrown at [src/hotspot/share/interpreter/linkResolver.cpp, line 773]
Event: 1.540 Thread 0x00007fdec0018000 Exception <a 'java/lang/NoSuchMethodError'{0x00000000c3dff568}: 'java.lang.Object java.lang.invoke.DirectMethodHandle$Holder.invokeStatic(java.lang.Object, java.lang.Object, int, java.lang.Object)'> (0x00000000c3dff568) thrown at [src/hotspot/share/interpreter/linkResolver.cpp, line 773]
Event: 1.840 Thread 0x00007fdec0018000 Exception <a 'java/lang/NoSuchMethodError'{0x00000000c416ed80}: 'void java.lang.invoke.DirectMethodHandle$Holder.invokeStatic(java.lang.Object, java.lang.Object, java.lang.Object, java.lang.Object)'> (0x00000000c416ed80) thrown at [src/hotspot/share/interpreter/linkResolver.cpp, line 773]
Event: 1.933 Thread 0x00007fdec0018000 Exception <a 'java/lang/NoSuchMethodError'{0x00000000c3e50258}: 'int java.lang.invoke.DirectMethodHandle$Holder.invokeStaticInit(java.lang.Object, java.lang.Object)'> (0x00000000c3e50258) thrown at [src/hotspot/share/interpreter/linkResolver.cpp, line 773]
Event: 2.259 Thread 0x00007fdec0018000 Exception <a 'java/lang/NoSuchMethodError'{0x00000000c3e68800}: 'java.lang.Object java.lang.invoke.DirectMethodHandle$Holder.invokeStaticInit(java.lang.Object, java.lang.Object, java.lang.Object, java.lang.Object, java.lang.Object)'> (0x00000000c3e68800) thrown at [src/hotspot/share/interpreter/linkResolver.cpp, line 773]
Event: 2.282 Thread 0x00007fdec0018000 Exception <a 'java/lang/NoSuchMethodError'{0x00000000c3e901d8}: 'java.lang.Object java.lang.invoke.DirectMethodHandle$Holder.invokeStaticInit(java.lang.Object, java.lang.Object, java.lang.Object, java.lang.Object)'> (0x00000000c3e901d8) thrown at [src/hotspot/share/interpreter/linkResolver.cpp, line 773]
Event: 13.219 Thread 0x00007fdec0018000 Exception <a 'java/lang/NoSuchMethodError'{0x00000000c4852030}: 'java.lang.Object java.lang.invoke.Invokers$Holder.linkToTargetMethod(java.lang.Object, java.lang.Object, java.lang.Object, java.lang.Object, java.lang.Object, java.lang.Object)'> (0x00000000c4852030) thrown at [src/hotspot/share/interpreter/linkResolver.cpp, line 773]
Event: 16.201 Thread 0x00007fdec0018000 Exception <a 'java/lang/NoSuchMethodError'{0x00000000c47a2210}: 'void java.lang.invoke.DirectMethodHandle$Holder.invokeStatic(java.lang.Object, java.lang.Object, long)'> (0x00000000c47a2210) thrown at [src/hotspot/share/interpreter/linkResolver.cpp, line 773]
Event: 16.210 Thread 0x00007fdec0018000 Exception <a 'java/lang/NoSuchMethodError'{0x00000000c47a50d0}: 'void java.lang.invoke.DirectMethodHandle$Holder.invokeStaticInit(java.lang.Object, java.lang.Object, long)'> (0x00000000c47a50d0) thrown at [src/hotspot/share/interpreter/linkResolver.cpp, line 773]
Event: 16.617 Thread 0x00007fdec0018000 Exception <a 'java/lang/NoSuchMethodError'{0x00000000c4602c28}: 'int java.lang.invoke.DirectMethodHandle$Holder.invokeStaticInit(java.lang.Object)'> (0x00000000c4602c28) thrown at [src/hotspot/share/interpreter/linkResolver.cpp, line 773]
Event: 20.899 Thread 0x00007fdec0018000 Exception <a 'java/lang/NoSuchMethodError'{0x00000000c4267b80}: 'void java.lang.invoke.DirectMethodHandle$Holder.invokeStaticInit(java.lang.Object)'> (0x00000000c4267b80) thrown at [src/hotspot/share/interpreter/linkResolver.cpp, line 773]
Event: 42.155 Thread 0x00007fdec0018000 Exception <a 'java/lang/NoSuchMethodError'{0x00000000c3513b98}: 'int java.lang.invoke.DirectMethodHandle$Holder.invokeStatic(java.lang.Object, long)'> (0x00000000c3513b98) thrown at [src/hotspot/share/interpreter/linkResolver.cpp, line 773]
Event: 42.173 Thread 0x00007fdec0018000 Exception <a 'java/lang/NoSuchMethodError'{0x00000000c3568750}: 'long java.lang.invoke.DirectMethodHandle$Holder.invokeStatic(java.lang.Object, java.lang.Object)'> (0x00000000c3568750) thrown at [src/hotspot/share/interpreter/linkResolver.cpp, line 773]
Event: 43.022 Thread 0x00007fdec0018000 Exception <a 'java/lang/NoSuchMethodError'{0x00000000c4920a30}: 'int java.lang.invoke.DirectMethodHandle$Holder.invokeStaticInit(java.lang.Object, java.lang.Object, java.lang.Object, java.lang.Object)'> (0x00000000c4920a30) thrown at [src/hotspot/share/interpreter/linkResolver.cpp, line 773]
Event: 43.026 Thread 0x00007fdec0018000 Exception <a 'java/lang/IncompatibleClassChangeError'{0x00000000c4929ea8}: Found class java.lang.Object, but interface was expected> (0x00000000c4929ea8) thrown at [src/hotspot/share/interpreter/linkResolver.cpp, line 839]
Event: 43.026 Thread 0x00007fdec0018000 Exception <a 'java/lang/NoSuchMethodError'{0x00000000c492cd38}: 'void java.lang.invoke.DirectMethodHandle$Holder.invokeStaticInit(java.lang.Object, java.lang.Object)'> (0x00000000c492cd38) thrown at [src/hotspot/share/interpreter/linkResolver.cpp, line 773]
Event: 51.859 Thread 0x00007fde741cb000 Exception <a 'java/lang/NoSuchMethodError'{0x00000000c4b5dab0}: 'float java.lang.invoke.DirectMethodHandle$Holder.invokeStatic(java.lang.Object)'> (0x00000000c4b5dab0) thrown at [src/hotspot/share/interpreter/linkResolver.cpp, line 773]
Event: 51.976 Thread 0x00007fde741cb000 Exception <a 'java/lang/NoSuchMethodError'{0x00000000c48034b8}: 'java.lang.Object java.lang.invoke.DirectMethodHandle$Holder.invokeStatic(java.lang.Object, long, java.lang.Object, java.lang.Object)'> (0x00000000c48034b8) thrown at [src/hotspot/share/interpreter/linkResolver.cpp, line 773]
Event: 51.990 Thread 0x00007fde741cb000 Exception <a 'java/lang/NoSuchMethodError'{0x00000000c4874660}: 'java.lang.Object java.lang.invoke.Invokers$Holder.linkToTargetMethod(java.lang.Object, long, java.lang.Object, java.lang.Object)'> (0x00000000c4874660) thrown at [src/hotspot/share/interpreter/linkResolver.cpp, line 773]

Events (20 events):
Event: 214.928 Executing VM operation: RevokeBias done
Event: 214.928 loading class akka/stream/impl/io/TcpConnectionStage$Outbound
Event: 214.993 loading class akka/stream/impl/io/TcpConnectionStage$Outbound done
Event: 215.349 loading class akka/io/TcpConnection
Event: 215.360 loading class akka/io/TcpConnection done
Event: 215.526 loading class akka/io/TcpConnection
Event: 215.530 loading class akka/io/TcpConnection done
Event: 215.939 loading class akka/actor/ActorRef
Event: 216.540 loading class akka/actor/ActorRef done
Event: 216.560 loading class akka/actor/ActorRef
Event: 216.565 loading class akka/actor/ActorRef done
Event: 216.608 loading class akka/io/TcpConnection
Event: 216.613 loading class akka/io/TcpConnection done
Event: 216.767 loading class akka/io/TcpConnection
Event: 216.818 loading class akka/io/TcpConnection done
Event: 220.965 loading class scala/Function0
Event: 220.995 loading class scala/Function0 done
Event: 221.092 loading class scala/Function0
Event: 221.113 loading class scala/Function0 done
Event: 223.120 Thread 0x00007fde80007000 Thread added: 0x00007fde80007000


Dynamic libraries:
c0000000-c5800000 rw-p 00000000 00:00 0 
c5800000-ffe00000 ---p 00000000 00:00 0 
ffe00000-ffe47000 rw-p 01111000 08:01 660837                             /usr/lib/jvm/java-11-openjdk-amd64/lib/server/classes.jsa
ffe47000-fff00000 rw-p 00000000 00:00 0 
fff00000-fff6b000 rw-p 010a6000 08:01 660837                             /usr/lib/jvm/java-11-openjdk-amd64/lib/server/classes.jsa
fff6b000-100000000 rw-p 00000000 00:00 0 
800000000-800002000 rwxp 00001000 08:01 660837                           /usr/lib/jvm/java-11-openjdk-amd64/lib/server/classes.jsa
800002000-8003b9000 rw-p 00003000 08:01 660837                           /usr/lib/jvm/java-11-openjdk-amd64/lib/server/classes.jsa
8003b9000-800a96000 r--p 003ba000 08:01 660837                           /usr/lib/jvm/java-11-openjdk-amd64/lib/server/classes.jsa
800a96000-800a97000 rw-p 00a97000 08:01 660837                           /usr/lib/jvm/java-11-openjdk-amd64/lib/server/classes.jsa
800a97000-8010a5000 r--p 00a98000 08:01 660837                           /usr/lib/jvm/java-11-openjdk-amd64/lib/server/classes.jsa
840000000-8405a0000 rw-p 00000000 00:00 0 
8405a0000-880000000 ---p 00000000 00:00 0 
5627c901a000-5627c901b000 r--p 00000000 08:01 525591                     /usr/lib/jvm/java-11-openjdk-amd64/bin/java
5627c901b000-5627c901c000 r-xp 00001000 08:01 525591                     /usr/lib/jvm/java-11-openjdk-amd64/bin/java
5627c901c000-5627c901d000 r--p 00002000 08:01 525591                     /usr/lib/jvm/java-11-openjdk-amd64/bin/java
5627c901d000-5627c901e000 r--p 00002000 08:01 525591                     /usr/lib/jvm/java-11-openjdk-amd64/bin/java
5627c901e000-5627c901f000 rw-p 00003000 08:01 525591                     /usr/lib/jvm/java-11-openjdk-amd64/bin/java
5627cabd9000-5627cac68000 rw-p 00000000 00:00 0                          [heap]
7fde67f60000-7fde67f64000 ---p 00000000 00:00 0 
7fde67f64000-7fde68061000 rw-p 00000000 00:00 0 
7fde68061000-7fde68065000 ---p 00000000 00:00 0 
7fde68065000-7fde68162000 rw-p 00000000 00:00 0 
7fde68162000-7fde68166000 ---p 00000000 00:00 0 
7fde68166000-7fde68263000 rw-p 00000000 00:00 0 
7fde68263000-7fde68267000 ---p 00000000 00:00 0 
7fde68267000-7fde68364000 rw-p 00000000 00:00 0 
7fde68364000-7fde68368000 ---p 00000000 00:00 0 
7fde68368000-7fde68465000 rw-p 00000000 00:00 0 
7fde68465000-7fde68469000 ---p 00000000 00:00 0 
7fde68469000-7fde68566000 rw-p 00000000 00:00 0 
7fde68566000-7fde6856a000 ---p 00000000 00:00 0 
7fde6856a000-7fde68667000 rw-p 00000000 00:00 0 
7fde68667000-7fde6866b000 ---p 00000000 00:00 0 
7fde6866b000-7fde68768000 rw-p 00000000 00:00 0 
7fde68768000-7fde6876c000 ---p 00000000 00:00 0 
7fde6876c000-7fde68869000 rw-p 00000000 00:00 0 
7fde68869000-7fde6886d000 ---p 00000000 00:00 0 
7fde6886d000-7fde6896a000 rw-p 00000000 00:00 0 
7fde6896a000-7fde6896e000 ---p 00000000 00:00 0 
7fde6896e000-7fde68a6b000 rw-p 00000000 00:00 0 
7fde68a6b000-7fde68a6f000 ---p 00000000 00:00 0 
7fde68a6f000-7fde68b6c000 rw-p 00000000 00:00 0 
7fde68b6c000-7fde68b70000 ---p 00000000 00:00 0 
7fde68b70000-7fde68c6d000 rw-p 00000000 00:00 0 
7fde68c6d000-7fde68c71000 ---p 00000000 00:00 0 
7fde68c71000-7fde68d6e000 rw-p 00000000 00:00 0 
7fde68d6e000-7fde68d72000 ---p 00000000 00:00 0 
7fde68d72000-7fde68e6f000 rw-p 00000000 00:00 0 
7fde68e6f000-7fde68e73000 ---p 00000000 00:00 0 
7fde68e73000-7fde68f70000 rw-p 00000000 00:00 0 
7fde68f70000-7fde68f74000 ---p 00000000 00:00 0 
7fde68f74000-7fde69071000 rw-p 00000000 00:00 0 
7fde69071000-7fde69075000 ---p 00000000 00:00 0 
7fde69075000-7fde69172000 rw-p 00000000 00:00 0 
7fde69172000-7fde69176000 ---p 00000000 00:00 0 
7fde69176000-7fde69373000 rw-p 00000000 00:00 0 
7fde69373000-7fde69473000 ---p 00000000 00:00 0 
7fde69473000-7fde69673000 rw-p 00000000 00:00 0 
7fde69673000-7fde69677000 ---p 00000000 00:00 0 
7fde69677000-7fde69774000 rw-p 00000000 00:00 0 
7fde69774000-7fde69778000 ---p 00000000 00:00 0 
7fde69778000-7fde69a75000 rw-p 00000000 00:00 0 
7fde69a75000-7fde69a7d000 r--p 00000000 08:01 684627                     /usr/lib/jvm/java-11-openjdk-amd64/lib/libsunec.so
7fde69a7d000-7fde69a95000 r-xp 00008000 08:01 684627                     /usr/lib/jvm/java-11-openjdk-amd64/lib/libsunec.so
7fde69a95000-7fde69a9f000 r--p 00020000 08:01 684627                     /usr/lib/jvm/java-11-openjdk-amd64/lib/libsunec.so
7fde69a9f000-7fde69aa0000 ---p 0002a000 08:01 684627                     /usr/lib/jvm/java-11-openjdk-amd64/lib/libsunec.so
7fde69aa0000-7fde69aa4000 r--p 0002a000 08:01 684627                     /usr/lib/jvm/java-11-openjdk-amd64/lib/libsunec.so
7fde69aa4000-7fde69aa6000 rw-p 0002e000 08:01 684627                     /usr/lib/jvm/java-11-openjdk-amd64/lib/libsunec.so
7fde69aa6000-7fde69ca6000 rw-p 00000000 00:00 0 
7fde69ca6000-7fde69ea6000 rw-p 00000000 00:00 0 
7fde69ea6000-7fde6a0a6000 rw-p 00000000 00:00 0 
7fde6a0a6000-7fde6a2a6000 rw-p 00000000 00:00 0 
7fde6a2a6000-7fde6a4a6000 rw-p 00000000 00:00 0 
7fde6a4a6000-7fde6a6a6000 rw-p 00000000 00:00 0 
7fde6a6a6000-7fde6a8a6000 rw-p 00000000 00:00 0 
7fde6a8a6000-7fde6a8aa000 ---p 00000000 00:00 0 
7fde6a8aa000-7fde6a9a7000 rw-p 00000000 00:00 0 
7fde6a9a7000-7fde6a9ab000 ---p 00000000 00:00 0 
7fde6a9ab000-7fde6aaa8000 rw-p 00000000 00:00 0 
7fde6aaa8000-7fde6aaac000 ---p 00000000 00:00 0 
7fde6aaac000-7fde6aba9000 rw-p 00000000 00:00 0 
7fde6abad000-7fde6acaa000 rw-p 00000000 00:00 0 
7fde6acaa000-7fde6acae000 ---p 00000000 00:00 0 
7fde6acae000-7fde6adab000 rw-p 00000000 00:00 0 
7fde6adab000-7fde6adaf000 ---p 00000000 00:00 0 
7fde6adaf000-7fde6aeac000 rw-p 00000000 00:00 0 
7fde6aeac000-7fde6aeb0000 ---p 00000000 00:00 0 
7fde6aeb0000-7fde6b1ad000 rw-p 00000000 00:00 0 
7fde6b1ad000-7fde6b1b1000 ---p 00000000 00:00 0 
7fde6b1b1000-7fde6b2ae000 rw-p 00000000 00:00 0 
7fde6b2ae000-7fde6b2b2000 ---p 00000000 00:00 0 
7fde6b2b2000-7fde6b3af000 rw-p 00000000 00:00 0 
7fde6b3af000-7fde6b3b3000 ---p 00000000 00:00 0 
7fde6b3b3000-7fde6b6b0000 rw-p 00000000 00:00 0 
7fde6b6b0000-7fde6b6b4000 ---p 00000000 00:00 0 
7fde6b6b4000-7fde6b7b1000 rw-p 00000000 00:00 0 
7fde6b7b1000-7fde6b7b5000 ---p 00000000 00:00 0 
7fde6b7b5000-7fde6bab2000 rw-p 00000000 00:00 0 
7fde6bab2000-7fde6bab6000 ---p 00000000 00:00 0 
7fde6bab6000-7fde6bdb3000 rw-p 00000000 00:00 0 
7fde6bdb3000-7fde6bdb4000 ---p 00000000 00:00 0 
7fde6bdb4000-7fde6bee6000 rw-p 00000000 00:00 0 
7fde6bee6000-7fde6beea000 r--p 00000000 08:01 684612                     /usr/lib/jvm/java-11-openjdk-amd64/lib/libnet.so
7fde6beea000-7fde6bef9000 r-xp 00004000 08:01 684612                     /usr/lib/jvm/java-11-openjdk-amd64/lib/libnet.so
7fde6bef9000-7fde6befd000 r--p 00013000 08:01 684612                     /usr/lib/jvm/java-11-openjdk-amd64/lib/libnet.so
7fde6befd000-7fde6befe000 r--p 00016000 08:01 684612                     /usr/lib/jvm/java-11-openjdk-amd64/lib/libnet.so
7fde6befe000-7fde6beff000 rw-p 00017000 08:01 684612                     /usr/lib/jvm/java-11-openjdk-amd64/lib/libnet.so
7fde6beff000-7fde6bf03000 ---p 00000000 00:00 0 
7fde6bf03000-7fde6c000000 rw-p 00000000 00:00 0 
7fde6c000000-7fde6c03a000 rw-p 00000000 00:00 0 
7fde6c03a000-7fde70000000 ---p 00000000 00:00 0 
7fde70000000-7fde70027000 rw-p 00000000 00:00 0 
7fde70027000-7fde74000000 ---p 00000000 00:00 0 
7fde74000000-7fde753f7000 rw-p 00000000 00:00 0 
7fde753f7000-7fde78000000 ---p 00000000 00:00 0 
7fde78000000-7fde78420000 rw-p 00000000 00:00 0 
7fde78420000-7fde7c000000 ---p 00000000 00:00 0 
7fde7c000000-7fde7c021000 rw-p 00000000 00:00 0 
7fde7c021000-7fde80000000 ---p 00000000 00:00 0 
7fde80000000-7fde80021000 rw-p 00000000 00:00 0 
7fde80021000-7fde84000000 ---p 00000000 00:00 0 
7fde84000000-7fde84021000 rw-p 00000000 00:00 0 
7fde84021000-7fde88000000 ---p 00000000 00:00 0 
7fde88000000-7fde883a8000 rw-p 00000000 00:00 0 
7fde883a8000-7fde8c000000 ---p 00000000 00:00 0 
7fde8c000000-7fde8c021000 rw-p 00000000 00:00 0 
7fde8c021000-7fde90000000 ---p 00000000 00:00 0 
7fde90000000-7fde9006f000 rw-p 00000000 00:00 0 
7fde9006f000-7fde94000000 ---p 00000000 00:00 0 
7fde94000000-7fde94021000 rw-p 00000000 00:00 0 
7fde94021000-7fde98000000 ---p 00000000 00:00 0 
7fde98000000-7fde98021000 rw-p 00000000 00:00 0 
7fde98021000-7fde9c000000 ---p 00000000 00:00 0 
7fde9c000000-7fde9c021000 rw-p 00000000 00:00 0 
7fde9c021000-7fdea0000000 ---p 00000000 00:00 0 
7fdea0015000-7fdea0016000 ---p 00000000 00:00 0 
7fdea0016000-7fdea0117000 rw-p 00000000 00:00 0 
7fdea0117000-7fdea011b000 ---p 00000000 00:00 0 
7fdea011b000-7fdea0218000 rw-p 00000000 00:00 0 
7fdea0218000-7fdea021c000 ---p 00000000 00:00 0 
7fdea021c000-7fdea0319000 rw-p 00000000 00:00 0 
7fdea0319000-7fdea031d000 ---p 00000000 00:00 0 
7fdea031d000-7fdea041a000 rw-p 00000000 00:00 0 
7fdea041a000-7fdea041e000 ---p 00000000 00:00 0 
7fdea041e000-7fdea051b000 rw-p 00000000 00:00 0 
7fdea051b000-7fdea0800000 r--p 00000000 08:01 529140                     /usr/lib/locale/locale-archive
7fdea0800000-7fdea3160000 rw-p 00000000 00:00 0 
7fdea3160000-7fdea3ff8000 ---p 00000000 00:00 0 
7fdea3ff8000-7fdea4000000 rw-p 00000000 00:00 0 
7fdea4000000-7fdea4021000 rw-p 00000000 00:00 0 
7fdea4021000-7fdea8000000 ---p 00000000 00:00 0 
7fdea8015000-7fdea801c000 r--p 00000000 08:01 684613                     /usr/lib/jvm/java-11-openjdk-amd64/lib/libnio.so
7fdea801c000-7fdea8023000 r-xp 00007000 08:01 684613                     /usr/lib/jvm/java-11-openjdk-amd64/lib/libnio.so
7fdea8023000-7fdea8026000 r--p 0000e000 08:01 684613                     /usr/lib/jvm/java-11-openjdk-amd64/lib/libnio.so
7fdea8026000-7fdea8027000 r--p 00010000 08:01 684613                     /usr/lib/jvm/java-11-openjdk-amd64/lib/libnio.so
7fdea8027000-7fdea8028000 rw-p 00011000 08:01 684613                     /usr/lib/jvm/java-11-openjdk-amd64/lib/libnio.so
7fdea8028000-7fdea802c000 ---p 00000000 00:00 0 
7fdea802c000-7fdea8129000 rw-p 00000000 00:00 0 
7fdea8129000-7fdea812d000 ---p 00000000 00:00 0 
7fdea812d000-7fdea822a000 rw-p 00000000 00:00 0 
7fdea822a000-7fdea822e000 ---p 00000000 00:00 0 
7fdea822e000-7fdea832b000 rw-p 00000000 00:00 0 
7fdea832b000-7fdea832c000 ---p 00000000 00:00 0 
7fdea832c000-7fdea8573000 rw-p 00000000 00:00 0 
7fdea8573000-7fdea8574000 ---p 00000000 00:00 0 
7fdea8574000-7fdea8675000 rw-p 00000000 00:00 0 
7fdea8675000-7fdea8676000 ---p 00000000 00:00 0 
7fdea8676000-7fdea8878000 rw-p 00000000 00:00 0 
7fdea8878000-7fdea8ae8000 rwxp 00000000 00:00 0 
7fdea8ae8000-7fdea8e07000 ---p 00000000 00:00 0 
7fdea8e07000-7fdea9377000 rwxp 00000000 00:00 0 
7fdea9377000-7fdeb033f000 ---p 00000000 00:00 0 
7fdeb033f000-7fdeb05af000 rwxp 00000000 00:00 0 
7fdeb05af000-7fdeb7878000 ---p 00000000 00:00 0 
7fdeb7878000-7fdec0000000 r--s 00000000 08:01 684631                     /usr/lib/jvm/java-11-openjdk-amd64/lib/modules
7fdec0000000-7fdec18a5000 rw-p 00000000 00:00 0 
7fdec18a5000-7fdec4000000 ---p 00000000 00:00 0 
7fdec4000000-7fdec4001000 r--p 00000000 08:01 684553                     /usr/lib/jvm/java-11-openjdk-amd64/lib/libextnet.so
7fdec4001000-7fdec4002000 r-xp 00001000 08:01 684553                     /usr/lib/jvm/java-11-openjdk-amd64/lib/libextnet.so
7fdec4002000-7fdec4003000 r--p 00002000 08:01 684553                     /usr/lib/jvm/java-11-openjdk-amd64/lib/libextnet.so
7fdec4003000-7fdec4004000 r--p 00002000 08:01 684553                     /usr/lib/jvm/java-11-openjdk-amd64/lib/libextnet.so
7fdec4004000-7fdec4005000 rw-p 00003000 08:01 684553                     /usr/lib/jvm/java-11-openjdk-amd64/lib/libextnet.so
7fdec4005000-7fdec4106000 rw-p 00000000 00:00 0 
7fdec4106000-7fdec4107000 ---p 00000000 00:00 0 
7fdec4107000-7fdec4208000 rw-p 00000000 00:00 0 
7fdec4208000-7fdec4209000 ---p 00000000 00:00 0 
7fdec4209000-7fdec448d000 rw-p 00000000 00:00 0 
7fdec448d000-7fdec5325000 ---p 00000000 00:00 0 
7fdec5325000-7fdec5359000 rw-p 00000000 00:00 0 
7fdec5359000-7fdec552c000 ---p 00000000 00:00 0 
7fdec552c000-7fdec5559000 rw-p 00000000 00:00 0 
7fdec5559000-7fdec572c000 ---p 00000000 00:00 0 
7fdec572c000-7fdec5759000 rw-p 00000000 00:00 0 
7fdec5759000-7fdec592c000 ---p 00000000 00:00 0 
7fdec592c000-7fdec5b2f000 rw-p 00000000 00:00 0 
7fdec5b2f000-7fdec5b30000 ---p 00000000 00:00 0 
7fdec5b30000-7fdec5c36000 rw-p 00000000 00:00 0 
7fdec5c36000-7fdec5d1c000 ---p 00000000 00:00 0 
7fdec5d1c000-7fdec5d27000 rw-p 00000000 00:00 0 
7fdec5d27000-7fdec5e07000 ---p 00000000 00:00 0 
7fdec5e07000-7fdec5e0c000 rw-p 00000000 00:00 0 
7fdec5e0c000-7fdec5e13000 ---p 00000000 00:00 0 
7fdec5e13000-7fdec5e16000 r--p 00000000 08:01 522954                     /usr/lib/x86_64-linux-gnu/libnss_files-2.28.so
7fdec5e16000-7fdec5e1d000 r-xp 00003000 08:01 522954                     /usr/lib/x86_64-linux-gnu/libnss_files-2.28.so
7fdec5e1d000-7fdec5e1f000 r--p 0000a000 08:01 522954                     /usr/lib/x86_64-linux-gnu/libnss_files-2.28.so
7fdec5e1f000-7fdec5e20000 ---p 0000c000 08:01 522954                     /usr/lib/x86_64-linux-gnu/libnss_files-2.28.so
7fdec5e20000-7fdec5e21000 r--p 0000c000 08:01 522954                     /usr/lib/x86_64-linux-gnu/libnss_files-2.28.so
7fdec5e21000-7fdec5e22000 rw-p 0000d000 08:01 522954                     /usr/lib/x86_64-linux-gnu/libnss_files-2.28.so
7fdec5e22000-7fdec5e28000 rw-p 00000000 00:00 0 
7fdec5e2b000-7fdec5e2d000 r--p 00000000 08:01 684630                     /usr/lib/jvm/java-11-openjdk-amd64/lib/libzip.so
7fdec5e2d000-7fdec5e31000 r-xp 00002000 08:01 684630                     /usr/lib/jvm/java-11-openjdk-amd64/lib/libzip.so
7fdec5e31000-7fdec5e33000 r--p 00006000 08:01 684630                     /usr/lib/jvm/java-11-openjdk-amd64/lib/libzip.so
7fdec5e33000-7fdec5e34000 r--p 00007000 08:01 684630                     /usr/lib/jvm/java-11-openjdk-amd64/lib/libzip.so
7fdec5e34000-7fdec5e35000 rw-p 00008000 08:01 684630                     /usr/lib/jvm/java-11-openjdk-amd64/lib/libzip.so
7fdec5e35000-7fdec5e3d000 rw-s 00000000 08:07 48                         /tmp/hsperfdata_elyphas/12047
7fdec5e3d000-7fdec5e3f000 r--p 00000000 08:01 684583                     /usr/lib/jvm/java-11-openjdk-amd64/lib/libjimage.so
7fdec5e3f000-7fdec5e42000 r-xp 00002000 08:01 684583                     /usr/lib/jvm/java-11-openjdk-amd64/lib/libjimage.so
7fdec5e42000-7fdec5e44000 r--p 00005000 08:01 684583                     /usr/lib/jvm/java-11-openjdk-amd64/lib/libjimage.so
7fdec5e44000-7fdec5e45000 r--p 00006000 08:01 684583                     /usr/lib/jvm/java-11-openjdk-amd64/lib/libjimage.so
7fdec5e45000-7fdec5e46000 rw-p 00007000 08:01 684583                     /usr/lib/jvm/java-11-openjdk-amd64/lib/libjimage.so
7fdec5e46000-7fdec5e54000 r--p 00000000 08:01 684580                     /usr/lib/jvm/java-11-openjdk-amd64/lib/libjava.so
7fdec5e54000-7fdec5e69000 r-xp 0000e000 08:01 684580                     /usr/lib/jvm/java-11-openjdk-amd64/lib/libjava.so
7fdec5e69000-7fdec5e70000 r--p 00023000 08:01 684580                     /usr/lib/jvm/java-11-openjdk-amd64/lib/libjava.so
7fdec5e70000-7fdec5e71000 r--p 00029000 08:01 684580                     /usr/lib/jvm/java-11-openjdk-amd64/lib/libjava.so
7fdec5e71000-7fdec5e72000 rw-p 0002a000 08:01 684580                     /usr/lib/jvm/java-11-openjdk-amd64/lib/libjava.so
7fdec5e72000-7fdec5e73000 rw-p 00000000 00:00 0 
7fdec5e73000-7fdec5e75000 r--p 00000000 08:01 522962                     /usr/lib/x86_64-linux-gnu/librt-2.28.so
7fdec5e75000-7fdec5e79000 r-xp 00002000 08:01 522962                     /usr/lib/x86_64-linux-gnu/librt-2.28.so
7fdec5e79000-7fdec5e7b000 r--p 00006000 08:01 522962                     /usr/lib/x86_64-linux-gnu/librt-2.28.so
7fdec5e7b000-7fdec5e7c000 r--p 00007000 08:01 522962                     /usr/lib/x86_64-linux-gnu/librt-2.28.so
7fdec5e7c000-7fdec5e7d000 rw-p 00008000 08:01 522962                     /usr/lib/x86_64-linux-gnu/librt-2.28.so
7fdec5e7d000-7fdec5e81000 ---p 00000000 00:00 0 
7fdec5e81000-7fdec5f7e000 rw-p 00000000 00:00 0 
7fdec5f7e000-7fdec5f81000 r--p 00000000 08:01 522257                     /usr/lib/x86_64-linux-gnu/libgcc_s.so.1
7fdec5f81000-7fdec5f92000 r-xp 00003000 08:01 522257                     /usr/lib/x86_64-linux-gnu/libgcc_s.so.1
7fdec5f92000-7fdec5f95000 r--p 00014000 08:01 522257                     /usr/lib/x86_64-linux-gnu/libgcc_s.so.1
7fdec5f95000-7fdec5f96000 ---p 00017000 08:01 522257                     /usr/lib/x86_64-linux-gnu/libgcc_s.so.1
7fdec5f96000-7fdec5f97000 r--p 00017000 08:01 522257                     /usr/lib/x86_64-linux-gnu/libgcc_s.so.1
7fdec5f97000-7fdec5f98000 rw-p 00018000 08:01 522257                     /usr/lib/x86_64-linux-gnu/libgcc_s.so.1
7fdec5f98000-7fdec5fa5000 r--p 00000000 08:01 522947                     /usr/lib/x86_64-linux-gnu/libm-2.28.so
7fdec5fa5000-7fdec6044000 r-xp 0000d000 08:01 522947                     /usr/lib/x86_64-linux-gnu/libm-2.28.so
7fdec6044000-7fdec6119000 r--p 000ac000 08:01 522947                     /usr/lib/x86_64-linux-gnu/libm-2.28.so
7fdec6119000-7fdec611a000 r--p 00180000 08:01 522947                     /usr/lib/x86_64-linux-gnu/libm-2.28.so
7fdec611a000-7fdec611b000 rw-p 00181000 08:01 522947                     /usr/lib/x86_64-linux-gnu/libm-2.28.so
7fdec611b000-7fdec61a4000 r--p 00000000 08:01 525689                     /usr/lib/x86_64-linux-gnu/libstdc++.so.6.0.25
7fdec61a4000-7fdec6250000 r-xp 00089000 08:01 525689                     /usr/lib/x86_64-linux-gnu/libstdc++.so.6.0.25
7fdec6250000-7fdec628e000 r--p 00135000 08:01 525689                     /usr/lib/x86_64-linux-gnu/libstdc++.so.6.0.25
7fdec628e000-7fdec628f000 ---p 00173000 08:01 525689                     /usr/lib/x86_64-linux-gnu/libstdc++.so.6.0.25
7fdec628f000-7fdec6299000 r--p 00173000 08:01 525689                     /usr/lib/x86_64-linux-gnu/libstdc++.so.6.0.25
7fdec6299000-7fdec629b000 rw-p 0017d000 08:01 525689                     /usr/lib/x86_64-linux-gnu/libstdc++.so.6.0.25
7fdec629b000-7fdec629f000 rw-p 00000000 00:00 0 
7fdec629f000-7fdec6519000 r--p 00000000 08:01 684634                     /usr/lib/jvm/java-11-openjdk-amd64/lib/server/libjvm.so
7fdec6519000-7fdec7134000 r-xp 0027a000 08:01 684634                     /usr/lib/jvm/java-11-openjdk-amd64/lib/server/libjvm.so
7fdec7134000-7fdec738c000 r--p 00e95000 08:01 684634                     /usr/lib/jvm/java-11-openjdk-amd64/lib/server/libjvm.so
7fdec738c000-7fdec744d000 r--p 010ec000 08:01 684634                     /usr/lib/jvm/java-11-openjdk-amd64/lib/server/libjvm.so
7fdec744d000-7fdec7488000 rw-p 011ad000 08:01 684634                     /usr/lib/jvm/java-11-openjdk-amd64/lib/server/libjvm.so
7fdec7488000-7fdec74e1000 rw-p 00000000 00:00 0 
7fdec74e1000-7fdec7503000 r--p 00000000 08:01 522942                     /usr/lib/x86_64-linux-gnu/libc-2.28.so
7fdec7503000-7fdec764b000 r-xp 00022000 08:01 522942                     /usr/lib/x86_64-linux-gnu/libc-2.28.so
7fdec764b000-7fdec7697000 r--p 0016a000 08:01 522942                     /usr/lib/x86_64-linux-gnu/libc-2.28.so
7fdec7697000-7fdec7698000 ---p 001b6000 08:01 522942                     /usr/lib/x86_64-linux-gnu/libc-2.28.so
7fdec7698000-7fdec769c000 r--p 001b6000 08:01 522942                     /usr/lib/x86_64-linux-gnu/libc-2.28.so
7fdec769c000-7fdec769e000 rw-p 001ba000 08:01 522942                     /usr/lib/x86_64-linux-gnu/libc-2.28.so
7fdec769e000-7fdec76a2000 rw-p 00000000 00:00 0 
7fdec76a2000-7fdec76a3000 r--p 00000000 08:01 522944                     /usr/lib/x86_64-linux-gnu/libdl-2.28.so
7fdec76a3000-7fdec76a4000 r-xp 00001000 08:01 522944                     /usr/lib/x86_64-linux-gnu/libdl-2.28.so
7fdec76a4000-7fdec76a5000 r--p 00002000 08:01 522944                     /usr/lib/x86_64-linux-gnu/libdl-2.28.so
7fdec76a5000-7fdec76a6000 r--p 00002000 08:01 522944                     /usr/lib/x86_64-linux-gnu/libdl-2.28.so
7fdec76a6000-7fdec76a7000 rw-p 00003000 08:01 522944                     /usr/lib/x86_64-linux-gnu/libdl-2.28.so
7fdec76a7000-7fdec76aa000 r--p 00000000 08:01 669840                     /usr/lib/jvm/java-11-openjdk-amd64/lib/jli/libjli.so
7fdec76aa000-7fdec76b4000 r-xp 00003000 08:01 669840                     /usr/lib/jvm/java-11-openjdk-amd64/lib/jli/libjli.so
7fdec76b4000-7fdec76b7000 r--p 0000d000 08:01 669840                     /usr/lib/jvm/java-11-openjdk-amd64/lib/jli/libjli.so
7fdec76b7000-7fdec76b8000 ---p 00010000 08:01 669840                     /usr/lib/jvm/java-11-openjdk-amd64/lib/jli/libjli.so
7fdec76b8000-7fdec76b9000 r--p 00010000 08:01 669840                     /usr/lib/jvm/java-11-openjdk-amd64/lib/jli/libjli.so
7fdec76b9000-7fdec76ba000 rw-p 00011000 08:01 669840                     /usr/lib/jvm/java-11-openjdk-amd64/lib/jli/libjli.so
7fdec76ba000-7fdec76c0000 r--p 00000000 08:01 522960                     /usr/lib/x86_64-linux-gnu/libpthread-2.28.so
7fdec76c0000-7fdec76cf000 r-xp 00006000 08:01 522960                     /usr/lib/x86_64-linux-gnu/libpthread-2.28.so
7fdec76cf000-7fdec76d5000 r--p 00015000 08:01 522960                     /usr/lib/x86_64-linux-gnu/libpthread-2.28.so
7fdec76d5000-7fdec76d6000 r--p 0001a000 08:01 522960                     /usr/lib/x86_64-linux-gnu/libpthread-2.28.so
7fdec76d6000-7fdec76d7000 rw-p 0001b000 08:01 522960                     /usr/lib/x86_64-linux-gnu/libpthread-2.28.so
7fdec76d7000-7fdec76db000 rw-p 00000000 00:00 0 
7fdec76db000-7fdec76f7000 r-xp 00000000 08:01 524572                     /usr/lib/x86_64-linux-gnu/libz.so.1.2.11
7fdec76f7000-7fdec78f7000 ---p 0001c000 08:01 524572                     /usr/lib/x86_64-linux-gnu/libz.so.1.2.11
7fdec78f7000-7fdec78f8000 r--p 0001c000 08:01 524572                     /usr/lib/x86_64-linux-gnu/libz.so.1.2.11
7fdec78f8000-7fdec78f9000 rw-p 0001d000 08:01 524572                     /usr/lib/x86_64-linux-gnu/libz.so.1.2.11
7fdec78f9000-7fdec78fb000 rw-p 00000000 00:00 0 
7fdec78fb000-7fdec78fd000 r--s 00007000 08:01 144745                     /usr/share/java/java-atk-wrapper.jar
7fdec78fd000-7fdec78fe000 ---p 00000000 00:00 0 
7fdec78fe000-7fdec78ff000 r--p 00000000 00:00 0 
7fdec78ff000-7fdec7904000 r--p 00000000 08:01 684629                     /usr/lib/jvm/java-11-openjdk-amd64/lib/libverify.so
7fdec7904000-7fdec790b000 r-xp 00005000 08:01 684629                     /usr/lib/jvm/java-11-openjdk-amd64/lib/libverify.so
7fdec790b000-7fdec790d000 r--p 0000c000 08:01 684629                     /usr/lib/jvm/java-11-openjdk-amd64/lib/libverify.so
7fdec790d000-7fdec790f000 r--p 0000d000 08:01 684629                     /usr/lib/jvm/java-11-openjdk-amd64/lib/libverify.so
7fdec790f000-7fdec7910000 rw-p 0000f000 08:01 684629                     /usr/lib/jvm/java-11-openjdk-amd64/lib/libverify.so
7fdec7910000-7fdec7911000 r--p 00000000 08:01 522262                     /usr/lib/x86_64-linux-gnu/ld-2.28.so
7fdec7911000-7fdec792f000 r-xp 00001000 08:01 522262                     /usr/lib/x86_64-linux-gnu/ld-2.28.so
7fdec792f000-7fdec7937000 r--p 0001f000 08:01 522262                     /usr/lib/x86_64-linux-gnu/ld-2.28.so
7fdec7937000-7fdec7938000 r--p 00026000 08:01 522262                     /usr/lib/x86_64-linux-gnu/ld-2.28.so
7fdec7938000-7fdec7939000 rw-p 00027000 08:01 522262                     /usr/lib/x86_64-linux-gnu/ld-2.28.so
7fdec7939000-7fdec793a000 rw-p 00000000 00:00 0 
7fffccffd000-7fffcd020000 rw-p 00000000 00:00 0                          [stack]
7fffcd145000-7fffcd148000 r--p 00000000 00:00 0                          [vvar]
7fffcd148000-7fffcd14a000 r-xp 00000000 00:00 0                          [vdso]


VM Arguments:
jvm_args: -Xmx1024m 
java_command: manik1.manik1.WebServer
java_class_path (initial): /home/elyphas/Prjs/taak/server/target/scala-2.13/classes:/home/elyphas/Prjs/taak/server/target/web/classes/main:/home/elyphas/Prjs/taak/shared/.jvm/target/scala-2.13/classes:/home/elyphas/Prjs/teotl/target/scala-2.13/classes:/home/elyphas/.cache/coursier/v1/https/repo1.maven.org/maven2/org/scala-lang/scala-library/2.13.3/scala-library-2.13.3.jar:/home/elyphas/.cache/coursier/v1/https/repo1.maven.org/maven2/com/typesafe/play/twirl-api_2.13/1.5.0/twirl-api_2.13-1.5.0.jar:/home/elyphas/.cache/coursier/v1/https/jitpack.io/com/github/cornerman/covenant/covenant-http_2.13/3d41e5f/covenant-http_2.13-3d41e5f.jar:/home/elyphas/.cache/coursier/v1/https/jitpack.io/com/github/cornerman/covenant/covenant-ws_2.13/3d41e5f/covenant-ws_2.13-3d41e5f.jar:/home/elyphas/.cache/coursier/v1/https/repo1.maven.org/maven2/org/tpolecat/doobie-core_2.13/0.12.1/doobie-core_2.13-0.12.1.jar:/home/elyphas/.cache/coursier/v1/https/repo1.maven.org/maven2/org/tpolecat/doobie-postgres_2.13/0.12.1/doobie-postgres_2.13-0.12.1.jar:/home/elyphas/.cache/coursier/v1/https/repo1.maven.org/maven2/com/typesafe/akka/akka-http_2.13/10.2.0/akka-http_2.13-10.2.0.jar:/home/elyphas/.cache/coursier/v1/https/repo1.maven.org/maven2/com/typesafe/akka/akka-stream_2.13/2.6.13/akka-stream_2.13-2.6.13.jar:/home/elyphas/.cache/coursier/v1/https/repo1.maven.org/maven2/com/vmunier/scalajs-scripts_2.13/1.1.4/scalajs-scripts_2.13-1.1.4.jar:/home/elyphas/.cache/coursier/v1/https/repo1.maven.org/maven2/io/suzaku/boopickle_2.13/1.3.2/boopickle_2.13-1.3.2.jar:/home/elyphas/.cache/coursier/v1/https/repo1.maven.org/maven2/org/typelevel/cats-core_2.13/2.4.2/cats-core_2.13-2.4.2.jar:/home/elyphas/.cache/coursier/v1/https/repo1.maven.org/maven2/com/typesafe/akka/akka-actor_2.13/2.6.13/akka-actor_2.13-2.6.13.jar:/home/elyphas/.cache/coursier/v1/https/repo1.maven.org/maven2/eu/timepit/refined_2.13/0.9.10/refined_2.13-0.9.10.jar:/home/elyphas/.cache/coursier/v1/https/repo1.maven.org/maven2/eu/timepit/refined-cat
Launcher Type: SUN_STANDARD

[Global flags]
     intx CICompilerCount                          = 2                                         {product} {ergonomic}
     uint ConcGCThreads                            = 1                                         {product} {ergonomic}
     uint G1ConcRefinementThreads                  = 2                                         {product} {ergonomic}
   size_t G1HeapRegionSize                         = 1048576                                   {product} {ergonomic}
    uintx GCDrainStackTargetSize                   = 64                                        {product} {ergonomic}
   size_t InitialHeapSize                          = 73400320                                  {product} {ergonomic}
   size_t MarkStackSize                            = 4194304                                   {product} {ergonomic}
   size_t MaxHeapSize                              = 1073741824                                {product} {command line}
   size_t MaxNewSize                               = 643825664                                 {product} {ergonomic}
   size_t MinHeapDeltaBytes                        = 1048576                                   {product} {ergonomic}
    uintx NonNMethodCodeHeapSize                   = 5825164                                {pd product} {ergonomic}
    uintx NonProfiledCodeHeapSize                  = 122916538                              {pd product} {ergonomic}
    uintx ProfiledCodeHeapSize                     = 122916538                              {pd product} {ergonomic}
    uintx ReservedCodeCacheSize                    = 251658240                              {pd product} {ergonomic}
     bool SegmentedCodeCache                       = true                                      {product} {ergonomic}
     bool UseCompressedClassPointers               = true                                 {lp64_product} {ergonomic}
     bool UseCompressedOops                        = true                                 {lp64_product} {ergonomic}
     bool UseG1GC                                  = true                                      {product} {ergonomic}

Logging:
Log output configuration:
 #0: stdout all=warning uptime,level,tags
 #1: stderr all=off uptime,level,tags

Environment Variables:
_JAVA_OPTIONS=-Xmx1024m
PATH=/home/elyphas/.sdkman/candidates/scala/current/bin:/home/elyphas/.sdkman/candidates/sbt/current/bin:/usr/local/bin:/usr/bin:/bin:/usr/local/games:/usr/games
SHELL=/bin/bash
DISPLAY=:0.0
LANG=es_MX.UTF-8

Signal Handlers:
SIGSEGV: [libjvm.so+0xe21ec0], sa_mask[0]=11111111011111111101111111111110, sa_flags=SA_RESTART|SA_SIGINFO
SIGBUS: [libjvm.so+0xe21ec0], sa_mask[0]=11111111011111111101111111111110, sa_flags=SA_RESTART|SA_SIGINFO
SIGFPE: [libjvm.so+0xe21ec0], sa_mask[0]=11111111011111111101111111111110, sa_flags=SA_RESTART|SA_SIGINFO
SIGPIPE: [libjvm.so+0xb75cf0], sa_mask[0]=11111111011111111101111111111110, sa_flags=SA_RESTART|SA_SIGINFO
SIGXFSZ: [libjvm.so+0xb75cf0], sa_mask[0]=11111111011111111101111111111110, sa_flags=SA_RESTART|SA_SIGINFO
SIGILL: [libjvm.so+0xe21ec0], sa_mask[0]=11111111011111111101111111111110, sa_flags=SA_RESTART|SA_SIGINFO
SIGUSR2: [libjvm.so+0xb75b80], sa_mask[0]=00100000000000000000000000000000, sa_flags=SA_RESTART|SA_SIGINFO
SIGHUP: [libjvm.so+0xb76030], sa_mask[0]=11111111011111111101111111111110, sa_flags=SA_RESTART|SA_SIGINFO
SIGINT: [libjvm.so+0xb76030], sa_mask[0]=11111111011111111101111111111110, sa_flags=SA_RESTART|SA_SIGINFO
SIGTERM: [libjvm.so+0xb76030], sa_mask[0]=11111111011111111101111111111110, sa_flags=SA_RESTART|SA_SIGINFO
SIGQUIT: [libjvm.so+0xb76030], sa_mask[0]=11111111011111111101111111111110, sa_flags=SA_RESTART|SA_SIGINFO


---------------  S Y S T E M  ---------------

OS:PRETTY_NAME="Debian GNU/Linux 10 (buster)"
NAME="Debian GNU/Linux"
VERSION_ID="10"
VERSION="10 (buster)"
VERSION_CODENAME=buster
ID=debian
HOME_URL="https://www.debian.org/"
SUPPORT_URL="https://www.debian.org/support"
BUG_REPORT_URL="https://bugs.debian.org/"
uname:Linux 4.19.0-16-amd64 #1 SMP Debian 4.19.181-1 (2021-03-19) x86_64
OS uptime: 0 days 1:33 hours
libc:glibc 2.28 NPTL 2.28 
rlimit (soft/hard): STACK 8192k/infinity , CORE 0k/infinity , NPROC 17647/17647 , NOFILE 1048576/1048576 , AS infinity/infinity , CPU infinity/infinity , DATA infinity/infinity , FSIZE infinity/infinity , MEMLOCK 65536k/65536k
load average:29.38 15.97 8.11

/proc/meminfo:
MemTotal:        4557656 kB
MemFree:           86660 kB
MemAvailable:          0 kB
Buffers:             200 kB
Cached:            10300 kB
SwapCached:          896 kB
Active:          3568028 kB
Inactive:         764368 kB
Active(anon):    3565440 kB
Inactive(anon):   758356 kB
Active(file):       2588 kB
Inactive(file):     6012 kB
Unevictable:          32 kB
Mlocked:              32 kB
SwapTotal:        999420 kB
SwapFree:              0 kB
Dirty:                20 kB
Writeback:            16 kB
AnonPages:       4321272 kB
Mapped:             6384 kB
Shmem:              1844 kB
Slab:              71512 kB
SReclaimable:      34708 kB
SUnreclaim:        36804 kB
KernelStack:        8704 kB
PageTables:        21864 kB
NFS_Unstable:          0 kB
Bounce:                0 kB
WritebackTmp:          0 kB
CommitLimit:     3278248 kB
Committed_AS:    7730232 kB
VmallocTotal:   34359738367 kB
VmallocUsed:           0 kB
VmallocChunk:          0 kB
Percpu:              696 kB
HardwareCorrupted:     0 kB
AnonHugePages:    811008 kB
ShmemHugePages:        0 kB
ShmemPmdMapped:        0 kB
HugePages_Total:       0
HugePages_Free:        0
HugePages_Rsvd:        0
HugePages_Surp:        0
Hugepagesize:       2048 kB
Hugetlb:               0 kB
DirectMap4k:      106432 kB
DirectMap2M:     4612096 kB

/sys/kernel/mm/transparent_hugepage/enabled:
[always] madvise never
/sys/kernel/mm/transparent_hugepage/defrag (defrag/compaction efforts parameter):
always defer defer+madvise [madvise] never

Process Memory:
Virtual Size: 3681320K (peak: 12440264K)
Resident Set Size: 163536K (peak: 169144K) (anon: 163536K, file: 0K, shmem: 0K)
Swapped out: 0K
C-Heap outstanding allocations: 23308K

/proc/sys/kernel/threads-max (system-wide limit on the number of threads):
35295
/proc/sys/vm/max_map_count (maximum number of memory map areas a process may have):
65530
/proc/sys/kernel/pid_max (system-wide limit on number of process identifiers):
32768

container (cgroup) information:
container_type: cgroupv1
cpu_cpuset_cpus: 0-1
cpu_memory_nodes: 0
active_processor_count: 2
cpu_quota: -1
cpu_period: 100000
cpu_shares: -1
memory_limit_in_bytes: -1
memory_and_swap_limit_in_bytes: -2
memory_soft_limit_in_bytes: -1
memory_usage_in_bytes: 4346228736
memory_max_usage_in_bytes: 4380164096

KVM virtualization detected
Steal ticks since vm start: 0
Steal ticks percentage since vm start:  0.000

CPU:total 2 (initial active 2) (2 cores per cpu, 1 threads per core) family 6 model 158 stepping 9 microcode 0x0, cmov, cx8, fxsr, mmx, sse, sse2, sse3, ssse3, sse4.1, sse4.2, popcnt, avx, avx2, aes, clmul, 3dnowpref, lzcnt, tsc, tscinvbit
CPU Model and flags from /proc/cpuinfo:
model name	: Intel(R) Core(TM) i7-7700HQ CPU @ 2.80GHz
flags		: fpu vme de pse tsc msr pae mce cx8 apic sep mtrr pge mca cmov pat pse36 clflush mmx fxsr sse sse2 ht syscall nx rdtscp lm constant_tsc rep_good nopl xtopology nonstop_tsc cpuid tsc_known_freq pni pclmulqdq ssse3 cx16 pcid sse4_1 sse4_2 x2apic movbe popcnt aes xsave avx rdrand hypervisor lahf_lm abm 3dnowprefetch invpcid_single pti fsgsbase avx2 invpcid rdseed clflushopt md_clear flush_l1d
Online cpus:
0-1
Offline cpus:

BIOS frequency limitation:
<Not Available>
Frequency switch latency (ns):
<Not Available>
Available cpu frequencies:
<Not Available>
Current governor:
<Not Available>
Core performance/turbo boost:
<Not Available>

Memory: 4k page, physical 4557656k(87020k free), swap 999420k(0k free)

vm_info: OpenJDK 64-Bit Server VM (11.0.11+9-post-Debian-1deb10u1) for linux-amd64 JRE (11.0.11+9-post-Debian-1deb10u1), built on Apr 21 2021 15:55:49 by "unknown" with gcc 8.3.0

END.
